<?xml version="1.0" encoding="UTF-8"?>
<testng-results skipped="0" failed="0" total="1" passed="1">
  <reporter-output>
  </reporter-output>
  <suite name="Command line suite" duration-ms="27" started-at="2015-12-03T09:51:11Z" finished-at="2015-12-03T09:51:11Z">
    <groups>
      <group name="double">
        <method signature="TestDouble.test()[pri:0, instance:TestDouble@682ea741]" name="test" class="TestDouble"/>
      </group> <!-- double -->
    </groups>
    <test name="Command line test" duration-ms="27" started-at="2015-12-03T09:51:11Z" finished-at="2015-12-03T09:51:11Z">
      <class name="TestDouble">
        <test-method status="PASS" signature="test()[pri:0, instance:TestDouble@682ea741]" name="test" duration-ms="17" started-at="2015-12-03T17:51:11Z" finished-at="2015-12-03T17:51:11Z">
          <reporter-output>
          </reporter-output>
        </test-method> <!-- test -->
      </class> <!-- TestDouble -->
    </test> <!-- Command line test -->
  </suite> <!-- Command line suite -->
</testng-results>
